<?xml version="1.0" encoding="UTF-8"?>
<testsuite xmlns:xsi="http://www.w3.org/2001/XMLSchema-instance" xsi:noNamespaceSchemaLocation="https://maven.apache.org/surefire/maven-surefire-plugin/xsd/surefire-test-report-3.0.xsd" version="3.0" name="TestSuite" time="0.271" tests="2" errors="0" skipped="0" failures="0">
  <properties>
    <property name="sun.desktop" value="gnome"/>
    <property name="awt.toolkit" value="sun.awt.X11.XToolkit"/>
    <property name="file.encoding.pkg" value="sun.io"/>
    <property name="java.specification.version" value="1.8"/>
    <property name="sun.cpu.isalist" value=""/>
    <property name="sun.jnu.encoding" value="UTF-8"/>
    <property name="java.class.path" value="/home/nikhil/Maven/target/test-classes:/home/nikhil/Maven/target/classes:/home/nikhil/.m2/repository/org/testng/testng/7.1.0/testng-7.1.0.jar:/home/nikhil/.m2/repository/com/beust/jcommander/1.72/jcommander-1.72.jar:/home/nikhil/.m2/repository/com/google/inject/guice/4.1.0/guice-4.1.0-no_aop.jar:/home/nikhil/.m2/repository/javax/inject/javax.inject/1/javax.inject-1.jar:/home/nikhil/.m2/repository/aopalliance/aopalliance/1.0/aopalliance-1.0.jar:/home/nikhil/.m2/repository/org/yaml/snakeyaml/1.21/snakeyaml-1.21.jar:/home/nikhil/.m2/repository/org/seleniumhq/selenium/selenium-java/3.141.59/selenium-java-3.141.59.jar:/home/nikhil/.m2/repository/org/seleniumhq/selenium/selenium-api/3.141.59/selenium-api-3.141.59.jar:/home/nikhil/.m2/repository/org/seleniumhq/selenium/selenium-chrome-driver/3.141.59/selenium-chrome-driver-3.141.59.jar:/home/nikhil/.m2/repository/org/seleniumhq/selenium/selenium-edge-driver/3.141.59/selenium-edge-driver-3.141.59.jar:/home/nikhil/.m2/repository/org/seleniumhq/selenium/selenium-firefox-driver/3.141.59/selenium-firefox-driver-3.141.59.jar:/home/nikhil/.m2/repository/org/seleniumhq/selenium/selenium-ie-driver/3.141.59/selenium-ie-driver-3.141.59.jar:/home/nikhil/.m2/repository/org/seleniumhq/selenium/selenium-opera-driver/3.141.59/selenium-opera-driver-3.141.59.jar:/home/nikhil/.m2/repository/org/seleniumhq/selenium/selenium-remote-driver/3.141.59/selenium-remote-driver-3.141.59.jar:/home/nikhil/.m2/repository/org/seleniumhq/selenium/selenium-safari-driver/3.141.59/selenium-safari-driver-3.141.59.jar:/home/nikhil/.m2/repository/org/seleniumhq/selenium/selenium-support/3.141.59/selenium-support-3.141.59.jar:/home/nikhil/.m2/repository/net/bytebuddy/byte-buddy/1.8.15/byte-buddy-1.8.15.jar:/home/nikhil/.m2/repository/org/apache/commons/commons-exec/1.3/commons-exec-1.3.jar:/home/nikhil/.m2/repository/com/google/guava/guava/25.0-jre/guava-25.0-jre.jar:/home/nikhil/.m2/repository/com/google/code/findbugs/jsr305/1.3.9/jsr305-1.3.9.jar:/home/nikhil/.m2/repository/org/checkerframework/checker-compat-qual/2.0.0/checker-compat-qual-2.0.0.jar:/home/nikhil/.m2/repository/com/google/errorprone/error_prone_annotations/2.1.3/error_prone_annotations-2.1.3.jar:/home/nikhil/.m2/repository/com/google/j2objc/j2objc-annotations/1.1/j2objc-annotations-1.1.jar:/home/nikhil/.m2/repository/org/codehaus/mojo/animal-sniffer-annotations/1.14/animal-sniffer-annotations-1.14.jar:/home/nikhil/.m2/repository/com/squareup/okhttp3/okhttp/3.11.0/okhttp-3.11.0.jar:/home/nikhil/.m2/repository/com/squareup/okio/okio/1.14.0/okio-1.14.0.jar:"/>
    <property name="java.vm.vendor" value="Azul Systems, Inc."/>
    <property name="sun.arch.data.model" value="64"/>
    <property name="java.vendor.url" value="http://www.azulsystems.com/"/>
    <property name="user.timezone" value="Asia/Kolkata"/>
    <property name="java.vm.specification.version" value="1.8"/>
    <property name="os.name" value="Linux"/>
    <property name="user.country" value="IN"/>
    <property name="sun.java.launcher" value="SUN_STANDARD"/>
    <property name="sun.boot.library.path" value="/home/nikhil/.sdkman/candidates/java/8.0.242-zulu/jre/lib/amd64"/>
    <property name="sun.java.command" value="/home/nikhil/Maven/target/surefire/surefirebooter5884219266346606664.jar /home/nikhil/Maven/target/surefire 2020-03-25T16-06-07_739-jvmRun1 surefire2685377246309213679tmp surefire_01580278375972113901tmp"/>
    <property name="surefire.test.class.path" value="/home/nikhil/Maven/target/test-classes:/home/nikhil/Maven/target/classes:/home/nikhil/.m2/repository/org/testng/testng/7.1.0/testng-7.1.0.jar:/home/nikhil/.m2/repository/com/beust/jcommander/1.72/jcommander-1.72.jar:/home/nikhil/.m2/repository/com/google/inject/guice/4.1.0/guice-4.1.0-no_aop.jar:/home/nikhil/.m2/repository/javax/inject/javax.inject/1/javax.inject-1.jar:/home/nikhil/.m2/repository/aopalliance/aopalliance/1.0/aopalliance-1.0.jar:/home/nikhil/.m2/repository/org/yaml/snakeyaml/1.21/snakeyaml-1.21.jar:/home/nikhil/.m2/repository/org/seleniumhq/selenium/selenium-java/3.141.59/selenium-java-3.141.59.jar:/home/nikhil/.m2/repository/org/seleniumhq/selenium/selenium-api/3.141.59/selenium-api-3.141.59.jar:/home/nikhil/.m2/repository/org/seleniumhq/selenium/selenium-chrome-driver/3.141.59/selenium-chrome-driver-3.141.59.jar:/home/nikhil/.m2/repository/org/seleniumhq/selenium/selenium-edge-driver/3.141.59/selenium-edge-driver-3.141.59.jar:/home/nikhil/.m2/repository/org/seleniumhq/selenium/selenium-firefox-driver/3.141.59/selenium-firefox-driver-3.141.59.jar:/home/nikhil/.m2/repository/org/seleniumhq/selenium/selenium-ie-driver/3.141.59/selenium-ie-driver-3.141.59.jar:/home/nikhil/.m2/repository/org/seleniumhq/selenium/selenium-opera-driver/3.141.59/selenium-opera-driver-3.141.59.jar:/home/nikhil/.m2/repository/org/seleniumhq/selenium/selenium-remote-driver/3.141.59/selenium-remote-driver-3.141.59.jar:/home/nikhil/.m2/repository/org/seleniumhq/selenium/selenium-safari-driver/3.141.59/selenium-safari-driver-3.141.59.jar:/home/nikhil/.m2/repository/org/seleniumhq/selenium/selenium-support/3.141.59/selenium-support-3.141.59.jar:/home/nikhil/.m2/repository/net/bytebuddy/byte-buddy/1.8.15/byte-buddy-1.8.15.jar:/home/nikhil/.m2/repository/org/apache/commons/commons-exec/1.3/commons-exec-1.3.jar:/home/nikhil/.m2/repository/com/google/guava/guava/25.0-jre/guava-25.0-jre.jar:/home/nikhil/.m2/repository/com/google/code/findbugs/jsr305/1.3.9/jsr305-1.3.9.jar:/home/nikhil/.m2/repository/org/checkerframework/checker-compat-qual/2.0.0/checker-compat-qual-2.0.0.jar:/home/nikhil/.m2/repository/com/google/errorprone/error_prone_annotations/2.1.3/error_prone_annotations-2.1.3.jar:/home/nikhil/.m2/repository/com/google/j2objc/j2objc-annotations/1.1/j2objc-annotations-1.1.jar:/home/nikhil/.m2/repository/org/codehaus/mojo/animal-sniffer-annotations/1.14/animal-sniffer-annotations-1.14.jar:/home/nikhil/.m2/repository/com/squareup/okhttp3/okhttp/3.11.0/okhttp-3.11.0.jar:/home/nikhil/.m2/repository/com/squareup/okio/okio/1.14.0/okio-1.14.0.jar:"/>
    <property name="sun.cpu.endian" value="little"/>
    <property name="user.home" value="/home/nikhil"/>
    <property name="user.language" value="en"/>
    <property name="java.specification.vendor" value="Oracle Corporation"/>
    <property name="java.home" value="/home/nikhil/.sdkman/candidates/java/8.0.242-zulu/jre"/>
    <property name="basedir" value="/home/nikhil/Maven"/>
    <property name="file.separator" value="/"/>
    <property name="line.separator" value="&#10;"/>
    <property name="java.vm.specification.vendor" value="Oracle Corporation"/>
    <property name="java.specification.name" value="Java Platform API Specification"/>
    <property name="java.awt.graphicsenv" value="sun.awt.X11GraphicsEnvironment"/>
    <property name="surefire.real.class.path" value="/home/nikhil/Maven/target/surefire/surefirebooter5884219266346606664.jar"/>
    <property name="sun.boot.class.path" value="/home/nikhil/.sdkman/candidates/java/8.0.242-zulu/jre/lib/resources.jar:/home/nikhil/.sdkman/candidates/java/8.0.242-zulu/jre/lib/rt.jar:/home/nikhil/.sdkman/candidates/java/8.0.242-zulu/jre/lib/sunrsasign.jar:/home/nikhil/.sdkman/candidates/java/8.0.242-zulu/jre/lib/jsse.jar:/home/nikhil/.sdkman/candidates/java/8.0.242-zulu/jre/lib/jce.jar:/home/nikhil/.sdkman/candidates/java/8.0.242-zulu/jre/lib/charsets.jar:/home/nikhil/.sdkman/candidates/java/8.0.242-zulu/jre/lib/jfr.jar:/home/nikhil/.sdkman/candidates/java/8.0.242-zulu/jre/classes"/>
    <property name="sun.management.compiler" value="HotSpot 64-Bit Tiered Compilers"/>
    <property name="java.runtime.version" value="1.8.0_242-b20"/>
    <property name="user.name" value="nikhil"/>
    <property name="path.separator" value=":"/>
    <property name="os.version" value="4.15.0-91-generic"/>
    <property name="java.endorsed.dirs" value="/home/nikhil/.sdkman/candidates/java/8.0.242-zulu/jre/lib/endorsed"/>
    <property name="java.runtime.name" value="OpenJDK Runtime Environment"/>
    <property name="file.encoding" value="UTF-8"/>
    <property name="java.vm.name" value="OpenJDK 64-Bit Server VM"/>
    <property name="localRepository" value="/home/nikhil/.m2/repository"/>
    <property name="java.vendor.url.bug" value="http://www.azulsystems.com/support/"/>
    <property name="java.io.tmpdir" value="/tmp"/>
    <property name="java.version" value="1.8.0_242"/>
    <property name="user.dir" value="/home/nikhil/Maven"/>
    <property name="os.arch" value="amd64"/>
    <property name="java.vm.specification.name" value="Java Virtual Machine Specification"/>
    <property name="java.awt.printerjob" value="sun.print.PSPrinterJob"/>
    <property name="sun.os.patch.level" value="unknown"/>
    <property name="java.library.path" value="/usr/java/packages/lib/amd64:/usr/lib64:/lib64:/lib:/usr/lib"/>
    <property name="java.vm.info" value="mixed mode"/>
    <property name="java.vendor" value="Azul Systems, Inc."/>
    <property name="java.vm.version" value="25.242-b20"/>
    <property name="java.ext.dirs" value="/home/nikhil/.sdkman/candidates/java/8.0.242-zulu/jre/lib/ext:/usr/java/packages/lib/ext"/>
    <property name="sun.io.unicode.encoding" value="UnicodeLittle"/>
    <property name="java.class.version" value="52.0"/>
  </properties>
  <testcase name="demotest" classname="Demo.NewTest" time="0.004"/>
  <testcase name="method" classname="Demo.Class2" time="0"/>
</testsuite>