<?xml version="1.0" encoding="UTF-8"?>
<!-- Generated by org.testng.reporters.JUnitReportReporter -->
<testsuite skipped="0" hostname="Nikhil-Sharma" name="Demo.NewTest" tests="1" failures="0" timestamp="2020-03-25T16:06:08 IST" time="0.003" errors="0">
  <testcase name="demotest" time="0.003" classname="Demo.NewTest"/>
  <system-out/>
</testsuite> <!-- Demo.NewTest -->
